app/achievements/page.tsx(7,10): error TS2305: Module '"react-icons/fi"' has no exported member 'FiTrophy'.
app/profile/page.tsx(13,35): error TS2339: Property 'achievements' does not exist on type 'GamificationContextType'.
app/profile/page.tsx(160,32): error TS7006: Parameter 'achievement' implicitly has an 'any' type.
components/analytics/DifficultyChart.tsx(41,76): error TS18048: 'percent' is possibly 'undefined'.
components/analytics/DifficultyChart.tsx(57,33): error TS2322: Type '(value: number, name: string, props: any) => [string, string]' is not assignable to type 'Formatter<number, string>'.
  Types of parameters 'value' and 'value' are incompatible.
    Type 'number | undefined' is not assignable to type 'number'.
      Type 'undefined' is not assignable to type 'number'.
components/analytics/PerformanceChart.tsx(50,29): error TS2322: Type '(value: number) => [string, "Score"]' is not assignable to type 'Formatter<number, "Score">'.
  Types of parameters 'value' and 'value' are incompatible.
    Type 'number | undefined' is not assignable to type 'number'.
      Type 'undefined' is not assignable to type 'number'.
components/analytics/TopicChart.tsx(54,29): error TS2322: Type '(value: number) => [string, "Avg Score"]' is not assignable to type 'Formatter<number, "Avg Score">'.
  Types of parameters 'value' and 'value' are incompatible.
    Type 'number | undefined' is not assignable to type 'number'.
      Type 'undefined' is not assignable to type 'number'.
components/skeletons/ChartSkeleton.tsx(10,53): error TS2322: Type '{ className: string; style: { height: string; }; }' is not assignable to type 'IntrinsicAttributes & SkeletonProps'.
  Property 'style' does not exist on type 'IntrinsicAttributes & SkeletonProps'.
